c:\research\face-alignment\alignmentvs2013project\facealinment\x64\debug\vc120.pdb
c:\research\face-alignment\alignmentvs2013project\facealinment\x64\debug\rf.obj
c:\research\face-alignment\alignmentvs2013project\facealinment\x64\debug\common.obj
c:\research\face-alignment\alignmentvs2013project\facealinment\x64\debug\lbf.obj
c:\research\face-alignment\alignmentvs2013project\facealinment\x64\debug\fastface.clr.obj
c:\research\face-alignment\alignmentvs2013project\facealinment\x64\debug\alinment.clr.obj
c:\research\face-alignment\alignmentvs2013project\facealinment\x64\debug\train.obj
c:\research\face-alignment\alignmentvs2013project\facealinment\x64\debug\main.obj
c:\research\face-alignment\alignmentvs2013project\facealinment\x64\debug\tron.obj
c:\research\face-alignment\alignmentvs2013project\facealinment\x64\debug\linear.obj
c:\research\face-alignment\alignmentvs2013project\facealinment\x64\debug\dscal.obj
c:\research\face-alignment\alignmentvs2013project\facealinment\x64\debug\dnrm2.obj
c:\research\face-alignment\alignmentvs2013project\facealinment\x64\debug\ddot.obj
c:\research\face-alignment\alignmentvs2013project\facealinment\x64\debug\daxpy.obj
c:\research\face-alignment\alignmentvs2013project\facealinment\x64\debug\.netframework,version=v4.0.assemblyattributes.obj
c:\research\face-alignment\alignmentvs2013project\x64\debug\facepipeline.dll
c:\research\face-alignment\alignmentvs2013project\x64\debug\facepipeline.pdb
c:\research\face-alignment\alignmentvs2013project\facealinment\x64\debug\facealinment.vcxprojresolveassemblyreference.cache
c:\research\face-alignment\alignmentvs2013project\facealinment\x64\debug\prepare.obj
c:\research\face-alignment\alignmentvs2013project\facealinment\x64\debug\test.obj
c:\research\face-alignment\alignmentvs2013project\facealinment\x64\debug\facepipeline.tlog\cl.command.1.tlog
c:\research\face-alignment\alignmentvs2013project\facealinment\x64\debug\facepipeline.tlog\cl.read.1.tlog
c:\research\face-alignment\alignmentvs2013project\facealinment\x64\debug\facepipeline.tlog\cl.write.1.tlog
c:\research\face-alignment\alignmentvs2013project\facealinment\x64\debug\facepipeline.tlog\link.command.1.tlog
c:\research\face-alignment\alignmentvs2013project\facealinment\x64\debug\facepipeline.tlog\link.read.1.tlog
c:\research\face-alignment\alignmentvs2013project\facealinment\x64\debug\facepipeline.tlog\link.write.1.tlog
c:\research\face-alignment\alignmentvs2013project\facealinment\x64\debug\facepipeline.tlog\metagen.read.1.tlog
c:\research\face-alignment\alignmentvs2013project\facealinment\x64\debug\facepipeline.tlog\metagen.write.1.tlog
c:\research\face-alignment\alignmentvs2013project\facealinment\x64\debug\facepipeline.tlog\oleaccrc.dll.bi
c:\research\face-alignment\alignmentvs2013project\facealinment\x64\debug\facepipeline.tlog\tzres.dll.bi
